<?xml version="1.0" encoding="UTF-8"?>
<!-- Generated by org.testng.reporters.JUnitReportReporter -->
<testsuite skipped="0" hostname="kiashiq-PC" name="bdd.DemoProject.DynamicJson" tests="3" failures="0" timestamp="2021-11-18T22:46:08 GMT" time="7.322" errors="0">
  <testcase name="addBook" time="6.458" classname="bdd.DemoProject.DynamicJson"/>
  <system-out/>
  <testcase name="addBook" time="0.469" classname="bdd.DemoProject.DynamicJson"/>
  <system-out/>
  <testcase name="addBook" time="0.395" classname="bdd.DemoProject.DynamicJson"/>
  <system-out/>
</testsuite> <!-- bdd.DemoProject.DynamicJson -->
