<?xml version="1.0" encoding="UTF-8"?>
<!-- Generated by org.testng.reporters.JUnitReportReporter -->
<testsuite skipped="0" hostname="kiashiq-PC" name="bdd.DemoProject.SumValidation" tests="1" failures="0" timestamp="2021-11-18T22:15:59 GMT" time="2.961" errors="0">
  <testcase name="sumOfCourses" time="2.961" classname="bdd.DemoProject.SumValidation"/>
  <system-out/>
</testsuite> <!-- bdd.DemoProject.SumValidation -->
